[2025-06-22 10:38:21,301] INFO in main: LegisLink API iniciada
[2025-06-22 10:38:21,549] WARNING in _internal:  * Debugger is active!
[2025-06-22 10:38:21,591] INFO in _internal:  * Debugger PIN: 236-728-922
[2025-06-22 10:38:30,805] INFO in main: Chequeo de salud solicitado
[2025-06-22 10:38:30,809] INFO in _internal: 127.0.0.1 - - [22/Jun/2025 10:38:30] "GET /api/health HTTP/1.1" 200 -
[2025-06-22 10:38:30,852] ERROR in main: Error en Redis: Error 61 connecting to localhost:6379. Connection refused.
[2025-06-22 10:38:30,853] INFO in _internal: 127.0.0.1 - - [22/Jun/2025 10:38:30] "[35m[1mGET /api/redis-test HTTP/1.1[0m" 500 -
[2025-06-22 10:38:57,927] INFO in _internal:  * Detected change in '/Users/administrador/Desktop/LegisLink/legislink-pro/manager/sub_agents/base_agent.py', reloading
[2025-06-22 10:39:00,468] INFO in main: LegisLink API iniciada
[2025-06-22 10:39:00,573] WARNING in _internal:  * Debugger is active!
[2025-06-22 10:39:00,586] INFO in _internal:  * Debugger PIN: 236-728-922
[2025-06-22 10:39:26,473] INFO in _internal:  * Detected change in '/Users/administrador/Desktop/LegisLink/legislink-pro/manager/agent_manager.py', reloading
[2025-06-22 10:39:28,982] INFO in main: LegisLink API iniciada
[2025-06-22 10:39:29,056] WARNING in _internal:  * Debugger is active!
[2025-06-22 10:39:29,076] INFO in _internal:  * Debugger PIN: 236-728-922
[2025-06-22 10:39:41,893] INFO in _internal:  * Detected change in '/Users/administrador/Desktop/LegisLink/legislink-pro/manager/sub_agents/document_agent/agent.py', reloading
[2025-06-22 10:39:43,415] INFO in main: LegisLink API iniciada
[2025-06-22 10:39:43,467] WARNING in _internal:  * Debugger is active!
[2025-06-22 10:39:43,492] INFO in _internal:  * Debugger PIN: 236-728-922
[2025-06-22 10:39:56,346] INFO in _internal:  * Detected change in '/Users/administrador/Desktop/LegisLink/legislink-pro/manager/agent_manager.py', reloading
[2025-06-22 10:39:58,104] INFO in main: LegisLink API iniciada
[2025-06-22 10:39:58,287] WARNING in _internal:  * Debugger is active!
[2025-06-22 10:39:58,304] INFO in _internal:  * Debugger PIN: 236-728-922
[2025-06-22 10:40:13,235] INFO in _internal:  * Detected change in '/Users/administrador/Desktop/LegisLink/legislink-pro/manager/sub_agents/rag_agent/agent.py', reloading
[2025-06-22 10:40:15,273] INFO in main: LegisLink API iniciada
[2025-06-22 10:40:15,391] WARNING in _internal:  * Debugger is active!
[2025-06-22 10:40:15,413] INFO in _internal:  * Debugger PIN: 236-728-922
[2025-06-22 10:40:22,041] INFO in _internal:  * Detected change in '/Users/administrador/Desktop/LegisLink/legislink-pro/manager/agent_manager.py', reloading
[2025-06-22 10:40:23,633] INFO in main: LegisLink API iniciada
[2025-06-22 10:40:23,687] WARNING in _internal:  * Debugger is active!
[2025-06-22 10:40:23,710] INFO in _internal:  * Debugger PIN: 236-728-922
[2025-06-22 10:40:36,472] INFO in _internal:  * Detected change in '/Users/administrador/Desktop/LegisLink/legislink-pro/manager/sub_agents/constitute_agent/agent.py', reloading
[2025-06-22 10:40:37,793] INFO in main: LegisLink API iniciada
[2025-06-22 10:40:37,845] WARNING in _internal:  * Debugger is active!
[2025-06-22 10:40:37,863] INFO in _internal:  * Debugger PIN: 236-728-922
[2025-06-22 10:40:45,401] INFO in _internal:  * Detected change in '/Users/administrador/Desktop/LegisLink/legislink-pro/manager/agent_manager.py', reloading
[2025-06-22 10:40:46,813] INFO in main: LegisLink API iniciada
[2025-06-22 10:40:46,865] WARNING in _internal:  * Debugger is active!
[2025-06-22 10:40:46,897] INFO in _internal:  * Debugger PIN: 236-728-922
[2025-06-22 10:40:56,517] INFO in _internal:  * Detected change in '/Users/administrador/Desktop/LegisLink/legislink-pro/models/customer.py', reloading
[2025-06-22 10:40:58,141] INFO in main: LegisLink API iniciada
[2025-06-22 10:40:58,207] WARNING in _internal:  * Debugger is active!
[2025-06-22 10:40:58,230] INFO in _internal:  * Debugger PIN: 236-728-922
[2025-06-22 10:41:02,642] INFO in _internal:  * Detected change in '/Users/administrador/Desktop/LegisLink/legislink-pro/models/case.py', reloading
[2025-06-22 10:41:03,921] INFO in main: LegisLink API iniciada
[2025-06-22 10:41:03,974] WARNING in _internal:  * Debugger is active!
[2025-06-22 10:41:04,003] INFO in _internal:  * Debugger PIN: 236-728-922
[2025-06-22 10:41:12,836] INFO in _internal:  * Detected change in '/Users/administrador/Desktop/LegisLink/legislink-pro/manager/sub_agents/crm_agent/agent.py', reloading
[2025-06-22 10:41:14,534] INFO in main: LegisLink API iniciada
[2025-06-22 10:41:14,626] WARNING in _internal:  * Debugger is active!
[2025-06-22 10:41:14,649] INFO in _internal:  * Debugger PIN: 236-728-922
[2025-06-22 10:41:24,239] INFO in _internal:  * Detected change in '/Users/administrador/Desktop/LegisLink/legislink-pro/manager/agent_manager.py', reloading
[2025-06-22 10:41:25,592] INFO in main: LegisLink API iniciada
[2025-06-22 10:41:25,716] WARNING in _internal:  * Debugger is active!
[2025-06-22 10:41:25,752] INFO in _internal:  * Debugger PIN: 236-728-922
[2025-06-22 10:41:33,276] INFO in _internal:  * Detected change in '/Users/administrador/Desktop/LegisLink/legislink-pro/services/google_apis.py', reloading
[2025-06-22 10:41:34,591] INFO in main: LegisLink API iniciada
[2025-06-22 10:41:34,651] WARNING in _internal:  * Debugger is active!
[2025-06-22 10:41:34,667] INFO in _internal:  * Debugger PIN: 236-728-922
[2025-06-22 10:41:41,031] INFO in _internal:  * Detected change in '/Users/administrador/Desktop/LegisLink/legislink-pro/manager/sub_agents/translation_agent/agent.py', reloading
[2025-06-22 10:41:42,520] INFO in main: LegisLink API iniciada
[2025-06-22 10:41:42,573] WARNING in _internal:  * Debugger is active!
[2025-06-22 10:41:42,589] INFO in _internal:  * Debugger PIN: 236-728-922
[2025-06-22 10:41:47,049] INFO in _internal:  * Detected change in '/Users/administrador/Desktop/LegisLink/legislink-pro/manager/agent_manager.py', reloading
[2025-06-22 10:41:48,701] INFO in main: LegisLink API iniciada
[2025-06-22 10:41:48,751] WARNING in _internal:  * Debugger is active!
[2025-06-22 10:41:48,771] INFO in _internal:  * Debugger PIN: 236-728-922
[2025-06-22 10:42:09,921] INFO in _internal:  * Detected change in '/Users/administrador/Desktop/LegisLink/legislink-pro/api/routes.py', reloading
[2025-06-22 10:42:12,857] INFO in main: LegisLink API iniciada
[2025-06-22 10:42:12,969] WARNING in _internal:  * Debugger is active!
[2025-06-22 10:42:12,996] INFO in _internal:  * Debugger PIN: 236-728-922
[2025-06-22 10:42:16,384] INFO in _internal:  * Detected change in '/Users/administrador/Desktop/LegisLink/legislink-pro/api/main.py', reloading
[2025-06-22 10:42:18,378] INFO in main: LegisLink API iniciada
[2025-06-22 10:42:18,426] WARNING in _internal:  * Debugger is active!
[2025-06-22 10:42:18,450] INFO in _internal:  * Debugger PIN: 236-728-922
[2025-06-22 10:43:52,546] INFO in _internal:  * Detected change in '/Users/administrador/Desktop/LegisLink/legislink-pro/manager/sub_agents/crm_agent/agent.py', reloading
[2025-06-22 10:43:56,096] INFO in main: LegisLink API iniciada
[2025-06-22 10:43:56,203] WARNING in _internal:  * Debugger is active!
[2025-06-22 10:43:56,235] INFO in _internal:  * Debugger PIN: 236-728-922
[2025-06-22 13:09:10,307] INFO in _internal:  * Detected change in '/Users/administrador/Desktop/LegisLink/legislink-pro/api/main.py', reloading
[2025-06-22 13:09:17,473] INFO in main: LegisLink API iniciada
[2025-06-22 13:09:17,720] WARNING in _internal:  * Debugger is active!
[2025-06-22 13:09:17,846] INFO in _internal:  * Debugger PIN: 236-728-922
[2025-06-22 13:10:53,940] INFO in _internal:  * Detected change in '/Users/administrador/Desktop/LegisLink/legislink-pro/manager/sub_agents/base_agent.py', reloading
[2025-06-22 13:10:57,715] INFO in main: LegisLink API iniciada
[2025-06-22 13:10:57,835] WARNING in _internal:  * Debugger is active!
[2025-06-22 13:10:57,867] INFO in _internal:  * Debugger PIN: 236-728-922
[2025-06-22 13:12:24,775] INFO in _internal:  * Detected change in '/Users/administrador/Desktop/LegisLink/legislink-pro/manager/agent_manager.py', reloading
[2025-06-22 13:12:31,050] INFO in main: LegisLink API iniciada
[2025-06-22 13:12:31,254] WARNING in _internal:  * Debugger is active!
[2025-06-22 13:12:31,298] INFO in _internal:  * Debugger PIN: 236-728-922
[2025-06-22 13:12:47,526] INFO in _internal:  * Detected change in '/Users/administrador/Desktop/LegisLink/legislink-pro/manager/sub_agents/document_agent/agent.py', reloading
[2025-06-22 13:12:51,839] INFO in main: LegisLink API iniciada
[2025-06-22 13:12:51,963] WARNING in _internal:  * Debugger is active!
[2025-06-22 13:12:51,991] INFO in _internal:  * Debugger PIN: 236-728-922
[2025-06-22 13:13:04,004] INFO in _internal:  * Detected change in '/Users/administrador/Desktop/LegisLink/legislink-pro/manager/agent_manager.py', reloading
[2025-06-22 13:13:07,729] INFO in main: LegisLink API iniciada
[2025-06-22 13:13:07,800] WARNING in _internal:  * Debugger is active!
[2025-06-22 13:13:07,836] INFO in _internal:  * Debugger PIN: 236-728-922
[2025-06-22 13:13:20,013] INFO in _internal:  * Detected change in '/Users/administrador/Desktop/LegisLink/legislink-pro/manager/sub_agents/rag_agent/agent.py', reloading
[2025-06-22 13:13:22,620] INFO in main: LegisLink API iniciada
[2025-06-22 13:13:22,717] WARNING in _internal:  * Debugger is active!
[2025-06-22 13:13:22,745] INFO in _internal:  * Debugger PIN: 236-728-922
[2025-06-22 13:13:46,725] INFO in _internal:  * Detected change in '/Users/administrador/Desktop/LegisLink/legislink-pro/manager/agent_manager.py', reloading
[2025-06-22 13:13:51,311] INFO in main: LegisLink API iniciada
[2025-06-22 13:13:51,427] WARNING in _internal:  * Debugger is active!
[2025-06-22 13:13:51,456] INFO in _internal:  * Debugger PIN: 236-728-922
[2025-06-22 13:13:59,527] INFO in _internal:  * Detected change in '/Users/administrador/Desktop/LegisLink/legislink-pro/manager/sub_agents/constitute_agent/agent.py', reloading
[2025-06-22 13:14:02,873] INFO in main: LegisLink API iniciada
[2025-06-22 13:14:02,950] WARNING in _internal:  * Debugger is active!
[2025-06-22 13:14:02,984] INFO in _internal:  * Debugger PIN: 236-728-922
[2025-06-22 13:14:07,991] INFO in _internal:  * Detected change in '/Users/administrador/Desktop/LegisLink/legislink-pro/manager/agent_manager.py', reloading
[2025-06-22 13:14:12,139] INFO in main: LegisLink API iniciada
[2025-06-22 13:14:12,228] WARNING in _internal:  * Debugger is active!
[2025-06-22 13:14:12,265] INFO in _internal:  * Debugger PIN: 236-728-922
[2025-06-22 13:14:21,904] INFO in _internal:  * Detected change in '/Users/administrador/Desktop/LegisLink/legislink-pro/manager/sub_agents/crm_agent/agent.py', reloading
[2025-06-22 13:14:25,631] INFO in main: LegisLink API iniciada
[2025-06-22 13:14:25,693] WARNING in _internal:  * Debugger is active!
[2025-06-22 13:14:25,725] INFO in _internal:  * Debugger PIN: 236-728-922
[2025-06-22 13:14:28,924] INFO in _internal:  * Detected change in '/Users/administrador/Desktop/LegisLink/legislink-pro/manager/agent_manager.py', reloading
[2025-06-22 13:14:31,701] INFO in main: LegisLink API iniciada
[2025-06-22 13:14:31,791] WARNING in _internal:  * Debugger is active!
[2025-06-22 13:14:31,836] INFO in _internal:  * Debugger PIN: 236-728-922
[2025-06-22 13:15:17,578] INFO in _internal:  * Detected change in '/Users/administrador/Desktop/LegisLink/legislink-pro/services/google_apis.py', reloading
[2025-06-22 14:10:51,663] INFO in main: LegisLink API iniciada
[2025-06-22 14:10:51,857] WARNING in _internal:  * Debugger is active!
[2025-06-22 14:10:51,912] INFO in _internal:  * Debugger PIN: 236-728-922
[2025-06-22 14:10:53,973] INFO in _internal:  * Detected change in '/Users/administrador/Desktop/LegisLink/legislink-pro/services/google_apis.py', reloading
[2025-06-22 14:10:57,190] INFO in main: LegisLink API iniciada
[2025-06-22 14:10:57,261] WARNING in _internal:  * Debugger is active!
[2025-06-22 14:10:57,285] INFO in _internal:  * Debugger PIN: 236-728-922
[2025-06-22 14:17:11,243] INFO in _internal:  * Detected change in '/Users/administrador/Desktop/LegisLink/legislink-pro/manager/sub_agents/crm_agent/agent.py', reloading
[2025-06-22 14:17:15,450] INFO in main: LegisLink API iniciada
[2025-06-22 14:17:15,576] WARNING in _internal:  * Debugger is active!
[2025-06-22 14:17:15,622] INFO in _internal:  * Debugger PIN: 236-728-922
